#
# There is insufficient memory for the Java Runtime Environment to continue.
# Native memory allocation (mmap) failed to map 234881024 bytes. Error detail: G1 virtual space
# Possible reasons:
#   The system is out of physical RAM or swap space
#   This process is running with CompressedOops enabled, and the Java Heap may be blocking the growth of the native heap
# Possible solutions:
#   Reduce memory load on the system
#   Increase physical memory or swap space
#   Check if swap backing store is full
#   Decrease Java heap size (-Xmx/-Xms)
#   Decrease number of Java threads
#   Decrease Java thread stack sizes (-Xss)
#   Set larger code cache with -XX:ReservedCodeCacheSize=
#   JVM is running with Unscaled Compressed Oops mode in which the Java heap is
#     placed in the first 4GB address space. The Java Heap base address is the
#     maximum limit for the native heap growth. Please use -XX:HeapBaseMinAddress
#     to set the Java Heap base and to place the Java Heap above 4GB virtual address.
# This output file may be truncated or incomplete.
#
#  Out of Memory Error (os_windows.cpp:3618), pid=99412, tid=99468
#
# JRE version:  (17.0.15+6) (build )
# Java VM: OpenJDK 64-Bit Server VM (17.0.15+6, mixed mode, sharing, tiered, compressed oops, compressed class ptrs, g1 gc, windows-amd64)
# No core dump will be written. Minidumps are not enabled by default on client versions of Windows
#

---------------  S U M M A R Y ------------

Command Line: -Xmx512m bundletool-all-1.15.5.jar build-apks --bundle=application-acdfd9cb-e37e-4da2-8091-15b737079aa8.aab --output=output.apks --mode=universal --max-threads 1 --overwrite

Host: AMD Athlon 3000G with Radeon Vega Graphics     , 4 cores, 13G,  Windows 10 , 64 bit Build 19041 (10.0.19041.546)
Time: Sat Jun 14 11:57:10 2025 Malay Peninsula Standard Time elapsed time: 0.096787 seconds (0d 0h 0m 0s)

---------------  T H R E A D  ---------------

Current thread (0x000001f46fbf3020):  JavaThread "Unknown thread" [_thread_in_vm, id=99468, stack(0x000000b321100000,0x000000b321200000)]

Stack: [0x000000b321100000,0x000000b321200000]
Native frames: (J=compiled Java code, j=interpreted, Vv=VM code, C=native code)
V  [jvm.dll+0x682fc9]
V  [jvm.dll+0x839878]
V  [jvm.dll+0x83b323]
V  [jvm.dll+0x83b993]
V  [jvm.dll+0x24725f]
V  [jvm.dll+0x67fda9]
V  [jvm.dll+0x674c9a]
V  [jvm.dll+0x304d06]
V  [jvm.dll+0x30c1c6]
V  [jvm.dll+0x35dd4e]
V  [jvm.dll+0x35df8d]
V  [jvm.dll+0x2dc0cc]
V  [jvm.dll+0x2dcfe4]
V  [jvm.dll+0x80b7cb]
V  [jvm.dll+0x36b781]
V  [jvm.dll+0x7ea31f]
V  [jvm.dll+0x3f237e]
V  [jvm.dll+0x3f3eb1]
C  [jli.dll+0x5278]
C  [ucrtbase.dll+0x214c2]
C  [KERNEL32.DLL+0x17034]
C  [ntdll.dll+0x4cec1]


---------------  P R O C E S S  ---------------

Threads class SMR info:
_java_thread_list=0x00007ff945507f58, length=0, elements={
}

Java Threads: ( => current thread )

Other Threads:
  0x000001f46fc20cf0 GCTaskThread "GC Thread#0" [stack: 0x000000b321200000,0x000000b321300000] [id=94448]
  0x000001f46fc25b50 ConcurrentGCThread "G1 Main Marker" [stack: 0x000000b321300000,0x000000b321400000] [id=99496]
  0x000001f46fc26480 ConcurrentGCThread "G1 Conc#0" [stack: 0x000000b321400000,0x000000b321500000] [id=99500]

[error occurred during error reporting (printing all threads), id 0xc0000005, EXCEPTION_ACCESS_VIOLATION (0xc0000005) at pc=0x00007ff944cbcbf7]

VM state: not at safepoint (not fully initialized)

VM Mutex/Monitor currently owned by a thread:  ([mutex/lock_event])
[0x000001f46fbef4e0] Heap_lock - owner thread: 0x000001f46fbf3020

Heap address: 0x00000000e0000000, size: 512 MB, Compressed Oops mode: 32-bit

CDS archive(s) mapped at: [0x0000000000000000-0x0000000000000000-0x0000000000000000), size 0, SharedBaseAddress: 0x0000000800000000, ArchiveRelocationMode: 1.
Narrow klass base: 0x0000000000000000, Narrow klass shift: 0, Narrow klass range: 0x0

GC Precious Log:
<Empty>

Heap:
 garbage-first heap   total 0K, used 0K [0x00000000e0000000, 0x0000000100000000)
  region size 1024K, 0 young (0K), 0 survivors (0K)

[error occurred during error reporting (printing heap information), id 0xc0000005, EXCEPTION_ACCESS_VIOLATION (0xc0000005) at pc=0x00007ff9450ac689]

GC Heap History (0 events):
No events

Dll operation events (1 events):
Event: 0.028 Loaded shared library C:\Program Files\Eclipse Adoptium\jdk-17.0.15.6-hotspot\bin\java.dll

Deoptimization events (0 events):
No events

Classes loaded (0 events):
No events

Classes unloaded (0 events):
No events

Classes redefined (0 events):
No events

Internal exceptions (0 events):
No events

VM Operations (0 events):
No events

Memory protections (0 events):
No events

Nmethod flushes (0 events):
No events

Events (0 events):
No events


Dynamic libraries:
0x00007ff666090000 - 0x00007ff66609e000 	C:\Program Files\Eclipse Adoptium\jdk-17.0.15.6-hotspot\bin\java.exe
0x00007ff9b9150000 - 0x00007ff9b9346000 	C:\Windows\SYSTEM32\ntdll.dll
0x00007ff9b71e0000 - 0x00007ff9b729d000 	C:\Windows\System32\KERNEL32.DLL
0x00007ff9b6b70000 - 0x00007ff9b6e38000 	C:\Windows\System32\KERNELBASE.dll
0x00007ff9b6fa0000 - 0x00007ff9b70a0000 	C:\Windows\System32\ucrtbase.dll
0x00007ff9a1a10000 - 0x00007ff9a1a27000 	C:\Program Files\Eclipse Adoptium\jdk-17.0.15.6-hotspot\bin\jli.dll
0x00007ff9b85d0000 - 0x00007ff9b8770000 	C:\Windows\System32\USER32.dll
0x00007ff9b6890000 - 0x00007ff9b68b2000 	C:\Windows\System32\win32u.dll
0x00007ff9b71b0000 - 0x00007ff9b71da000 	C:\Windows\System32\GDI32.dll
0x00007ff9b70a0000 - 0x00007ff9b71a9000 	C:\Windows\System32\gdi32full.dll
0x00007ff9b68c0000 - 0x00007ff9b695d000 	C:\Windows\System32\msvcp_win.dll
0x00007ff9a1970000 - 0x00007ff9a198e000 	C:\Program Files\Eclipse Adoptium\jdk-17.0.15.6-hotspot\bin\VCRUNTIME140.dll
0x00007ff9a9aa0000 - 0x00007ff9a9d3b000 	C:\Windows\WinSxS\amd64_microsoft.windows.common-controls_6595b64144ccf1df_6.0.19041.488_none_ca04af081b815d21\COMCTL32.dll
0x00007ff9b72a0000 - 0x00007ff9b733e000 	C:\Windows\System32\msvcrt.dll
0x00007ff9b87d0000 - 0x00007ff9b8800000 	C:\Windows\System32\IMM32.DLL
0x000000006a3e0000 - 0x000000006a3ec000 	C:\Program Files (x86)\360\Total Security\safemon\SafeWrapper.dll
0x00007ff9b7880000 - 0x00007ff9b792c000 	C:\Windows\System32\ADVAPI32.dll
0x00007ff9b8cd0000 - 0x00007ff9b8d6b000 	C:\Windows\System32\sechost.dll
0x00007ff9b7340000 - 0x00007ff9b7464000 	C:\Windows\System32\RPCRT4.dll
0x00007ff9916e0000 - 0x00007ff99178c000 	C:\Program Files (x86)\360\Total Security\safemon\libzdtp64.dll
0x00007ff9b7de0000 - 0x00007ff9b8521000 	C:\Windows\System32\SHELL32.dll
0x00007ff9b7a80000 - 0x00007ff9b7ad5000 	C:\Windows\System32\SHLWAPI.dll
0x00007ff9b65e0000 - 0x00007ff9b65ea000 	C:\Windows\SYSTEM32\VERSION.dll
0x00007ff9aee20000 - 0x00007ff9aee2c000 	C:\Program Files\Eclipse Adoptium\jdk-17.0.15.6-hotspot\bin\vcruntime140_1.dll
0x00007ff9a18e0000 - 0x00007ff9a196d000 	C:\Program Files\Eclipse Adoptium\jdk-17.0.15.6-hotspot\bin\msvcp140.dll
0x00007ff9449d0000 - 0x00007ff94563b000 	C:\Program Files\Eclipse Adoptium\jdk-17.0.15.6-hotspot\bin\server\jvm.dll
0x00007ff9b7a10000 - 0x00007ff9b7a7b000 	C:\Windows\System32\WS2_32.dll
0x00007ff9b63c0000 - 0x00007ff9b640b000 	C:\Windows\SYSTEM32\POWRPROF.dll
0x00007ff9af460000 - 0x00007ff9af487000 	C:\Windows\SYSTEM32\WINMM.dll
0x00007ff9b63a0000 - 0x00007ff9b63b2000 	C:\Windows\SYSTEM32\UMPDC.dll
0x00007ff9b4790000 - 0x00007ff9b47a2000 	C:\Windows\SYSTEM32\kernel.appcore.dll
0x00007ff9ae3a0000 - 0x00007ff9ae3aa000 	C:\Program Files\Eclipse Adoptium\jdk-17.0.15.6-hotspot\bin\jimage.dll
0x00007ff9a7660000 - 0x00007ff9a7844000 	C:\Windows\SYSTEM32\DBGHELP.DLL
0x00007ff9a6c80000 - 0x00007ff9a6cac000 	C:\Windows\SYSTEM32\dbgcore.DLL
0x00007ff9b6960000 - 0x00007ff9b69df000 	C:\Windows\System32\bcryptPrimitives.dll
0x00007ff9a1880000 - 0x00007ff9a18a5000 	C:\Program Files\Eclipse Adoptium\jdk-17.0.15.6-hotspot\bin\java.dll

dbghelp: loaded successfully - version: 4.0.5 - missing functions: none
symbol engine: initialized successfully - sym options: 0x614 - pdb path: .;C:\Program Files\Eclipse Adoptium\jdk-17.0.15.6-hotspot\bin;C:\Windows\SYSTEM32;C:\Windows\WinSxS\amd64_microsoft.windows.common-controls_6595b64144ccf1df_6.0.19041.488_none_ca04af081b815d21;C:\Program Files (x86)\360\Total Security\safemon;C:\Program Files\Eclipse Adoptium\jdk-17.0.15.6-hotspot\bin\server

VM Arguments:
jvm_args: -Xmx512m 
java_command: bundletool-all-1.15.5.jar build-apks --bundle=application-acdfd9cb-e37e-4da2-8091-15b737079aa8.aab --output=output.apks --mode=universal --max-threads 1 --overwrite
java_class_path (initial): bundletool-all-1.15.5.jar
Launcher Type: SUN_STANDARD

[Global flags]
     intx CICompilerCount                          = 3                                         {product} {ergonomic}
     uint ConcGCThreads                            = 1                                         {product} {ergonomic}
     uint G1ConcRefinementThreads                  = 4                                         {product} {ergonomic}
   size_t G1HeapRegionSize                         = 1048576                                   {product} {ergonomic}
    uintx GCDrainStackTargetSize                   = 64                                        {product} {ergonomic}
   size_t InitialHeapSize                          = 234881024                                 {product} {ergonomic}
   size_t MarkStackSize                            = 4194304                                   {product} {ergonomic}
   size_t MaxHeapSize                              = 536870912                                 {product} {command line}
   size_t MinHeapDeltaBytes                        = 1048576                                   {product} {ergonomic}
   size_t MinHeapSize                              = 8388608                                   {product} {ergonomic}
    uintx NonNMethodCodeHeapSize                   = 5832780                                {pd product} {ergonomic}
    uintx NonProfiledCodeHeapSize                  = 122912730                              {pd product} {ergonomic}
    uintx ProfiledCodeHeapSize                     = 122912730                              {pd product} {ergonomic}
    uintx ReservedCodeCacheSize                    = 251658240                              {pd product} {ergonomic}
     bool SegmentedCodeCache                       = true                                      {product} {ergonomic}
   size_t SoftMaxHeapSize                          = 536870912                              {manageable} {ergonomic}
     bool UseCompressedClassPointers               = true                           {product lp64_product} {ergonomic}
     bool UseCompressedOops                        = true                           {product lp64_product} {ergonomic}
     bool UseG1GC                                  = true                                      {product} {ergonomic}
     bool UseLargePagesIndividualAllocation        = false                                  {pd product} {ergonomic}

Logging:
Log output configuration:
 #0: stdout all=warning uptime,level,tags
 #1: stderr all=off uptime,level,tags

Environment Variables:
PATH=C:\Program Files\Eclipse Adoptium\jdk-17.0.15.6-hotspot\bin;C:\Windows\system32;C:\Windows;C:\Windows\System32\Wbem;C:\Windows\System32\WindowsPowerShell\v1.0\;C:\Windows\System32\OpenSSH\;C:\Program Files (x86)\ATI Technologies\ATI.ACE\Core-Static;C:\xampp\php;C:\composer;C:\Program Files\Git\cmd;C:\Users\Administrator\AppData\Local\Programs\Python\Python313\Scripts;C:\Android\cmdline-tools\latest\bin;C:\Users\Administrator\AppData\Roaming\npm;C:\Users\Administrator\AppData\Local\nvm;D:\nodejs;C:\Program Files\nvm;C:\Program Files\Eclipse Adoptium\jdk-17.0.15.6-hotspot\bin;C:\Users\Administrator\AppData\Local\Programs\Python\Python313\Scripts\;C:\Users\Administrator\AppData\Local\Programs\Python\Python313\;C:\Users\Administrator\AppData\Local\Programs\Python\Launcher\;C:\Users\Administrator\AppData\Local\Microsoft\WindowsApps;D:\jdk-21_windows-x64_bin\jdk-21.0.2;C:\Users\Administrator\AppData\Local\Programs\Microsoft VS Code\bin;C:\Users\Administrator\AppData\Roaming\Composer\vendor\bin;C:\Users\Administrator\AppData\Roaming\npm;\\NEXUSLITE-PC\React Native App Builder;C:\ProgramData\Administrator\GitHubDesktop\bin;C:\Users\Administrator\AppData\Local\nvm;D:\nodejs
USERNAME=Administrator
OS=Windows_NT
PROCESSOR_IDENTIFIER=AMD64 Family 23 Model 17 Stepping 0, AuthenticAMD
TMP=C:\Users\ADMINI~1\AppData\Local\Temp
TEMP=C:\Users\ADMINI~1\AppData\Local\Temp



Periodic native trim disabled


---------------  S Y S T E M  ---------------

OS:
 Windows 10 , 64 bit Build 19041 (10.0.19041.546)
OS uptime: 0 days 4:16 hours

CPU: total 4 (initial active 4) (4 cores per cpu, 2 threads per core) family 23 model 17 stepping 0 microcode 0x0, cx8, cmov, fxsr, ht, mmx, 3dnowpref, sse, sse2, sse3, ssse3, sse4a, sse4.1, sse4.2, popcnt, lzcnt, tsc, tscinvbit, avx, avx2, aes, clmul, bmi1, bmi2, adx, sha, fma, vzeroupper, clflush, clflushopt
Processor Information for all 4 processors :
  Max Mhz: 3500, Current Mhz: 3500, Mhz Limit: 3500

Memory: 4k page, system-wide physical 14266M (1254M free)
TotalPageFile size 20440M (AvailPageFile size 182M)
current process WorkingSet (physical memory assigned to process): 11M, peak: 11M
current process commit charge ("private bytes"): 51M, peak: 275M

vm_info: OpenJDK 64-Bit Server VM (17.0.15+6) for windows-amd64 JRE (17.0.15+6), built on Apr 15 2025 21:25:47 by "admin" with MS VC++ 17.7 (VS2022)

END.
